<?xml version="1.0" encoding="UTF-8"?>
<!-- Generated by org.testng.reporters.JUnitReportReporter -->
<testsuite hostname="DESKTOP-07ABM5F" failures="0" tests="6" name="TestCases.LoginLogoutTest" time="١٥٩.٣٤١" errors="0" timestamp="٢٠٢٥-٠٩-٢٧T٢٠:٢٩:٥٤ EEST" skipped="0">
  <testcase classname="TestCases.LoginLogoutTest" name="incorrectLogin_TC3" time="١٤.٣٣٣"/>
  <testcase classname="TestCases.LoginLogoutTest" name="registerUser" time="٣٦.٠٣٨"/>
  <testcase classname="TestCases.LoginLogoutTest" name="incorrectLogin_TC3" time="٢٨.٠٢٦"/>
  <testcase classname="TestCases.LoginLogoutTest" name="logout_TC4" time="٣١.٨٨٨"/>
  <testcase classname="TestCases.LoginLogoutTest" name="incorrectLogin_TC3" time="١٠.٨٦٧"/>
  <testcase classname="TestCases.LoginLogoutTest" name="correctLogin_TC2" time="٣٨.١٨٩"/>
</testsuite> <!-- TestCases.LoginLogoutTest -->
