<?xml version="1.0" encoding="UTF-8"?>
<!-- Generated by org.testng.reporters.JUnitReportReporter -->
<testsuite hostname="DESKTOP-07ABM5F" failures="0" tests="4" name="TestCases.HomePageTest" time="٤١.٠٢٣" errors="0" timestamp="٢٠٢٥-٠٩-٢٧T٢٠:٢٩:٥٤ EEST" skipped="0">
  <testcase classname="TestCases.HomePageTest" name="scrollWithArrow_TC25" time="٨.٢٧٦"/>
  <testcase classname="TestCases.HomePageTest" name="verifySubscriptionInHomePage_TC10" time="٨.٥٠٠"/>
  <testcase classname="TestCases.HomePageTest" name="scrollWithoutArrow_TC26" time="٩.٠٨١"/>
  <testcase classname="TestCases.HomePageTest" name="viewCategoryProducts_TC18" time="١٥.١٦٦"/>
</testsuite> <!-- TestCases.HomePageTest -->
