<?xml version="1.0" encoding="UTF-8"?>
<!-- Generated by org.testng.reporters.JUnitReportReporter -->
<testsuite hostname="DESKTOP-07ABM5F" failures="0" tests="2" name="TestCases.ProductPageTest" time="٤١.٦٦٨" errors="0" timestamp="٢٠٢٥-٠٩-٢٧T٢٠:٢٩:٥٤ EEST" skipped="0">
  <testcase classname="TestCases.ProductPageTest" name="addReviewOnProduct_TC21" time="١٩.٦٤٠"/>
  <testcase classname="TestCases.ProductPageTest" name="verifyProductsAndProductDetailPage_TC8" time="٢٢.٠٢٨"/>
</testsuite> <!-- TestCases.ProductPageTest -->
