<?xml version="1.0" encoding="UTF-8"?>
<!-- Generated by org.testng.reporters.JUnitReportReporter -->
<testsuite hostname="DESKTOP-07ABM5F" failures="0" tests="4" name="TestCases.AllProductsPageTest" time="١٧٠.٥٤٢" errors="0" timestamp="٢٠٢٥-٠٩-٢٧T٢٠:٢٩:٥٤ EEST" skipped="0">
  <testcase classname="TestCases.AllProductsPageTest" name="searchProduct_TC9" time="٨١.٨٤١"/>
  <testcase classname="TestCases.AllProductsPageTest" name="searchProduct_TC9" time="٢٣.٧٩٩"/>
  <testcase classname="TestCases.AllProductsPageTest" name="ViewAndCartBrandProducts_TC19" time="٣٦.٠٥٠"/>
  <testcase classname="TestCases.AllProductsPageTest" name="searchProduct_TC9" time="٢٨.٨٥٢"/>
</testsuite> <!-- TestCases.AllProductsPageTest -->
