<?xml version="1.0" encoding="UTF-8"?>
<!-- Generated by org.testng.reporters.JUnitReportReporter -->
<testsuite hostname="DESKTOP-07ABM5F" failures="0" tests="6" name="TestCases.CartPageTest" time="٢٢٣.٩٤٠" errors="0" timestamp="٢٠٢٥-٠٩-٢٧T٢٠:٢٩:٥٤ EEST" skipped="0">
  <testcase classname="TestCases.CartPageTest" name="verifyProductQuantityInCart_TC13" time="٧٥.٨٤٣"/>
  <testcase classname="TestCases.CartPageTest" name="verifySubscriptionInCartPage_TC11" time="١٨.٩٤٩"/>
  <testcase classname="TestCases.CartPageTest" name="addProductsInCart_TC12" time="٣٧.٦١١"/>
  <testcase classname="TestCases.CartPageTest" name="searchProductsAndVerifyCartAfterLogin_TC20" time="٤٣.٢١٦"/>
  <testcase classname="TestCases.CartPageTest" name="removeProductsFromCart_TC17" time="٣٧.٤٨٢"/>
  <testcase classname="TestCases.CartPageTest" name="AddToCartFromRecommendedItems_TC22" time="١٠.٨٣٩"/>
</testsuite> <!-- TestCases.CartPageTest -->
