<?xml version="1.0" encoding="UTF-8"?>
<!-- Generated by org.testng.reporters.JUnitReportReporter -->
<testsuite hostname="DESKTOP-07ABM5F" failures="0" tests="2" name="TestCases.RegisterTest" time="٤٣.٢٤٠" errors="0" timestamp="٢٠٢٥-٠٩-٢٧T٢٠:٢٩:٥٤ EEST" skipped="0">
  <testcase classname="TestCases.RegisterTest" name="registerUser_TC1" time="٢٨.٠٣١"/>
  <testcase classname="TestCases.RegisterTest" name="registerUserWithExistingEmail_TC5" time="١٥.٢٠٩"/>
</testsuite> <!-- TestCases.RegisterTest -->
