<?xml version="1.0" encoding="UTF-8"?>
<!-- Generated by org.testng.reporters.JUnitReportReporter -->
<testsuite hostname="DESKTOP-07ABM5F" failures="0" tests="6" name="TestCases.CheckoutPageTest" time="٢٤٣.٢٢٠" errors="0" timestamp="٢٠٢٥-٠٩-٢٧T٢٠:٢٩:٥٤ EEST" skipped="0">
  <testcase classname="TestCases.CheckoutPageTest" name="placeOrderRegisterWhileCheckout_TC14" time="٤٩.٦١٤"/>
  <testcase classname="TestCases.CheckoutPageTest" name="verifyAddressDetailsInCheckoutPage_TC23" time="٣٧.٢٧٣"/>
  <testcase classname="TestCases.CheckoutPageTest" name="downloadInvoiceAfterPurchaseOrder_TC24" time="٤٩.١٩٦"/>
  <testcase classname="TestCases.CheckoutPageTest" name="placeOrderRegisterBeforeCheckout_TC15" time="٤٣.٤٢٨"/>
  <testcase classname="TestCases.CheckoutPageTest" name="registerUser" time="٢٤.٨٣٩"/>
  <testcase classname="TestCases.CheckoutPageTest" name="placeOrderLoginBeforeCheckout_TC16" time="٣٨.٨٧٠"/>
</testsuite> <!-- TestCases.CheckoutPageTest -->
