<?xml version="1.0" encoding="UTF-8"?>
<!-- Generated by org.testng.reporters.JUnitXMLReporter -->
<testsuite ignored="0" hostname="DESKTOP-07ABM5F" failures="0" tests="32" name="AllTests" time="956.309" errors="0" timestamp="٢٠٢٥-٠٩-٢٧T٢٠:٢٩:٥٤ EEST">
  <testcase classname="TestCases.AllProductsPageTest" name="ViewAndCartBrandProducts_TC19" time="23.922"/>
  <testcase classname="TestCases.AllProductsPageTest" name="searchProduct_TC9" time="14.223"/>
  <testcase classname="TestCases.AllProductsPageTest" name="searchProduct_TC9" time="13.335"/>
  <testcase classname="TestCases.AllProductsPageTest" name="searchProduct_TC9" time="52.128"/>
  <testcase classname="TestCases.CartPageTest" name="AddToCartFromRecommendedItems_TC22" time="3.365"/>
  <testcase classname="TestCases.CartPageTest" name="addProductsInCart_TC12" time="10.215"/>
  <testcase classname="TestCases.CartPageTest" name="removeProductsFromCart_TC17" time="21.314"/>
  <testcase classname="TestCases.CartPageTest" name="searchProductsAndVerifyCartAfterLogin_TC20" time="28.033"/>
  <testcase classname="TestCases.CartPageTest" name="verifyProductQuantityInCart_TC13" time="56.149"/>
  <testcase classname="TestCases.CartPageTest" name="verifySubscriptionInCartPage_TC11" time="2.194"/>
  <testcase classname="TestCases.CheckoutPageTest" name="verifyAddressDetailsInCheckoutPage_TC23" time="29.549"/>
  <testcase classname="TestCases.CheckoutPageTest" name="downloadInvoiceAfterPurchaseOrder_TC24" time="42.699"/>
  <testcase classname="TestCases.CheckoutPageTest" name="placeOrderRegisterBeforeCheckout_TC15" time="35.17"/>
  <testcase classname="TestCases.CheckoutPageTest" name="placeOrderRegisterWhileCheckout_TC14" time="35.424"/>
  <testcase classname="TestCases.CheckoutPageTest" name="registerUser" time="17.458"/>
  <testcase classname="TestCases.CheckoutPageTest" name="placeOrderLoginBeforeCheckout_TC16" time="30.803"/>
  <testcase classname="TestCases.ContactUsFormTest" name="contactUsForm_TC6" time="12.762"/>
  <testcase classname="TestCases.HomePageTest" name="scrollWithArrow_TC25" time="0.569"/>
  <testcase classname="TestCases.HomePageTest" name="scrollWithoutArrow_TC26" time="0.746"/>
  <testcase classname="TestCases.HomePageTest" name="verifySubscriptionInHomePage_TC10" time="0.638"/>
  <testcase classname="TestCases.HomePageTest" name="viewCategoryProducts_TC18" time="7.386"/>
  <testcase classname="TestCases.LoginLogoutTest" name="incorrectLogin_TC3" time="5.028"/>
  <testcase classname="TestCases.LoginLogoutTest" name="incorrectLogin_TC3" time="3.112"/>
  <testcase classname="TestCases.LoginLogoutTest" name="incorrectLogin_TC3" time="2.85"/>
  <testcase classname="TestCases.LoginLogoutTest" name="registerUser" time="17.817"/>
  <testcase classname="TestCases.LoginLogoutTest" name="logout_TC4" time="18.721"/>
  <testcase classname="TestCases.LoginLogoutTest" name="correctLogin_TC2" time="29.918"/>
  <testcase classname="TestCases.ProductPageTest" name="addReviewOnProduct_TC21" time="11.369"/>
  <testcase classname="TestCases.ProductPageTest" name="verifyProductsAndProductDetailPage_TC8" time="11.358"/>
  <testcase classname="TestCases.RegisterTest" name="registerUserWithExistingEmail_TC5" time="3.557"/>
  <testcase classname="TestCases.RegisterTest" name="registerUser_TC1" time="19.159"/>
  <testcase classname="TestCases.TestCasesPageTest" name="verifyTestCasesPage_TC7" time="2.467"/>
</testsuite> <!-- AllTests -->
